#
# An unexpected error has been detected by HotSpot Virtual Machine:
#
#  EXCEPTION_ACCESS_VIOLATION (0xc0000005) at pc=0x6d7a95b0, pid=5392, tid=6008
#
# Java VM: Java HotSpot(TM) Client VM (1.5.0_06-b05 mixed mode, sharing)
# Problematic frame:
# V  [jvm.dll+0xc95b0]
#

---------------  T H R E A D  ---------------

Current thread (0x00a63270):  VMThread [id=6008]

siginfo: ExceptionCode=0xc0000005, reading address 0x00000009

Registers:
EAX=0x2b3d7f08, EBX=0x0000001b, ECX=0x00000009, EDX=0x6d80f27c
ESP=0x02b1fbb0, EBP=0x02b1fbdc, ESI=0x2b3c5c98, EDI=0x00a72d74
EIP=0x6d7a95b0, EFLAGS=0x00010206

Top of Stack: (sp=0x02b1fbb0)
0x02b1fbb0:   2b3d7f08 6d7a9579 00a72d08 6d7a97d9
0x02b1fbc0:   00a72d74 6d7793e9 00a72d74 6d854988
0x02b1fbd0:   6d854988 00000000 00a43668 02b1fc00
0x02b1fbe0:   6d7791c6 6d854988 00a4a270 6d74ebfc
0x02b1fbf0:   6d854988 00000001 00a4a270 00000000
0x02b1fc00:   02b1fc68 6d74fe59 00000001 00000000
0x02b1fc10:   00000001 00000002 6d854988 6d854988
0x02b1fc20:   00000001 00a4a270 00000000 00000000 

Instructions: (pc=0x6d7a95b0)
0x6d7a95a0:   08 8b 08 8b 40 08 8b 04 88 50 8b 48 04 83 c1 08
0x6d7a95b0:   8b 11 ff 52 5c eb de c3 e9 00 00 00 00 c7 05 84 


Stack: [0x02ae0000,0x02b20000),  sp=0x02b1fbb0,  free space=254k
Native frames: (J=compiled Java code, j=interpreted, Vv=VM code, C=native code)
V  [jvm.dll+0xc95b0]
V  [jvm.dll+0x991c6]
V  [jvm.dll+0x6fe59]
V  [jvm.dll+0x6fbd8]
V  [jvm.dll+0x73241]
V  [jvm.dll+0x10876b]
V  [jvm.dll+0x6e9d5]
V  [jvm.dll+0x5160e]
V  [jvm.dll+0x6eb80]
V  [jvm.dll+0x1233f7]
V  [jvm.dll+0x122ec5]
V  [jvm.dll+0x12306e]
V  [jvm.dll+0x122dd3]
C  [MSVCRT.dll+0x2a3b0]
C  [kernel32.dll+0xb6a3]

VM_Operation (0x0007f984): generation collection for allocation, mode: safepoint, requested by thread 0x00035988


---------------  P R O C E S S  ---------------

Java Threads: ( => current thread )
  0x00ac5bf0 JavaThread "AWT-Windows" daemon [_thread_in_native, id=616]
  0x00ac5828 JavaThread "AWT-Shutdown" [_thread_blocked, id=1468]
  0x00ac4608 JavaThread "Java2D Disposer" daemon [_thread_blocked, id=4204]
  0x00a6e128 JavaThread "Low Memory Detector" daemon [_thread_blocked, id=4224]
  0x00a6cd98 JavaThread "CompilerThread0" daemon [_thread_blocked, id=2164]
  0x00a6c028 JavaThread "Signal Dispatcher" daemon [_thread_blocked, id=3008]
  0x00a67050 JavaThread "Finalizer" daemon [_thread_blocked, id=4888]
  0x00a65b68 JavaThread "Reference Handler" daemon [_thread_blocked, id=4200]
  0x00035988 JavaThread "main" [_thread_blocked, id=5168]

Other Threads:
=>0x00a63270 VMThread [id=6008]
  0x00a6bed0 WatcherThread [id=4804]

VM state:at safepoint (normal execution)

VM Mutex/Monitor currently owned by a thread:  ([mutex/lock_event])
[0x00035038/0x00000714] Threads_lock - owner thread: 0x00a63270
[0x000351b8/0x000006d8] Heap_lock - owner thread: 0x00035988

Heap
 def new generation   total 576K, used 64K [0x22ad0000, 0x22b70000, 0x22fb0000)
  eden space 512K,   0% used [0x22ad0000, 0x22ad0000, 0x22b50000)
  from space 64K, 100% used [0x22b50000, 0x22b60000, 0x22b60000)
  to   space 64K,   0% used [0x22b60000, 0x22b60000, 0x22b70000)
 tenured generation   total 9224K, used 8084K [0x22fb0000, 0x238b2000, 0x26ad0000)
   the space 9224K,  87% used [0x22fb0000, 0x237951a0, 0x23795200, 0x238b2000)
 compacting perm gen  total 8192K, used 106K [0x26ad0000, 0x272d0000, 0x2aad0000)
   the space 8192K,   1% used [0x26ad0000, 0x26aeaa08, 0x26aeac00, 0x272d0000)
    ro space 8192K,  66% used [0x2aad0000, 0x2b02bcc0, 0x2b02be00, 0x2b2d0000)
    rw space 12288K,  46% used [0x2b2d0000, 0x2b872060, 0x2b872200, 0x2bed0000)

Dynamic libraries:
0x00400000 - 0x0040c000 	C:\Archivos de programa\Java\jdk1.5.0_06\bin\java.exe
0x7c910000 - 0x7c9c6000 	C:\WINDOWS\system32\ntdll.dll
0x7c800000 - 0x7c902000 	C:\WINDOWS\system32\kernel32.dll
0x77da0000 - 0x77e4c000 	C:\WINDOWS\system32\ADVAPI32.dll
0x77e50000 - 0x77ee2000 	C:\WINDOWS\system32\RPCRT4.dll
0x77fc0000 - 0x77fd1000 	C:\WINDOWS\system32\Secur32.dll
0x77be0000 - 0x77c38000 	C:\WINDOWS\system32\MSVCRT.dll
0x6d6e0000 - 0x6d874000 	C:\Archivos de programa\Java\jdk1.5.0_06\jre\bin\client\jvm.dll
0x7e390000 - 0x7e421000 	C:\WINDOWS\system32\USER32.dll
0x77ef0000 - 0x77f37000 	C:\WINDOWS\system32\GDI32.dll
0x76b00000 - 0x76b2e000 	C:\WINDOWS\system32\WINMM.dll
0x6d2f0000 - 0x6d2f8000 	C:\Archivos de programa\Java\jdk1.5.0_06\jre\bin\hpi.dll
0x76bb0000 - 0x76bbb000 	C:\WINDOWS\system32\PSAPI.DLL
0x6d6b0000 - 0x6d6bc000 	C:\Archivos de programa\Java\jdk1.5.0_06\jre\bin\verify.dll
0x6d370000 - 0x6d38d000 	C:\Archivos de programa\Java\jdk1.5.0_06\jre\bin\java.dll
0x6d6d0000 - 0x6d6df000 	C:\Archivos de programa\Java\jdk1.5.0_06\jre\bin\zip.dll
0x6d070000 - 0x6d1d7000 	C:\Archivos de programa\Java\jdk1.5.0_06\jre\bin\awt.dll
0x72f80000 - 0x72fa6000 	C:\WINDOWS\system32\WINSPOOL.DRV
0x76340000 - 0x7635d000 	C:\WINDOWS\system32\IMM32.dll
0x774b0000 - 0x775ed000 	C:\WINDOWS\system32\ole32.dll
0x5b150000 - 0x5b188000 	C:\WINDOWS\system32\uxtheme.dll
0x736e0000 - 0x73729000 	C:\WINDOWS\system32\ddraw.dll
0x73b40000 - 0x73b46000 	C:\WINDOWS\system32\DCIMAN32.dll
0x738c0000 - 0x73990000 	C:\WINDOWS\system32\D3DIM700.DLL
0x6d2b0000 - 0x6d2ed000 	C:\Archivos de programa\Java\jdk1.5.0_06\jre\bin\fontmanager.dll
0x746b0000 - 0x746fb000 	C:\WINDOWS\system32\MSCTF.dll
0x7c9d0000 - 0x7d1f0000 	C:\WINDOWS\system32\shell32.dll
0x77f40000 - 0x77fb6000 	C:\WINDOWS\system32\SHLWAPI.dll
0x773a0000 - 0x774a2000 	C:\WINDOWS\WinSxS\x86_Microsoft.Windows.Common-Controls_6595b64144ccf1df_6.0.2600.2180_x-ww_a84f1ff9\comctl32.dll
0x58c30000 - 0x58cca000 	C:\WINDOWS\system32\comctl32.dll

VM Arguments:
java_command: Simulaciones
Launcher Type: SUN_STANDARD

Environment Variables:
PATH=C:\Archivos de programa\TextPad 4;C:\WINDOWS\system32;C:\WINDOWS;C:\WINDOWS\System32\Wbem
USERNAME=Victor
OS=Windows_NT
PROCESSOR_IDENTIFIER=x86 Family 6 Model 8 Stepping 10, GenuineIntel



---------------  S Y S T E M  ---------------

OS: Windows XP Build 2600 Service Pack 2

CPU:total 1 family 6, cmov, cx8, fxsr, mmx, sse

Memory: 4k page, physical 390640k(169916k free), swap 745728k(556132k free)

vm_info: Java HotSpot(TM) Client VM (1.5.0_06-b05) for windows-x86, built on Nov 10 2005 11:12:14 by "java_re" with MS VC++ 6.0

